<?xml version="1.0" encoding="UTF-8"?>
<testsuite name="MemoizationRodCuttingTest" tests="7" skipped="0" failures="0" errors="0" timestamp="2020-10-30T19:01:07" hostname="Edgars-MBP" time="0.129">
  <properties/>
  <testcase name="prices_list_length_one_two_three_four_five_Length_five_less_than_one_two_three_Test()" classname="MemoizationRodCuttingTest" time="0.094"/>
  <testcase name="prices_list_empty_Test()" classname="MemoizationRodCuttingTest" time="0.001"/>
  <testcase name="prices_list_length_one_two_Length_one_greater_than_two_Test()" classname="MemoizationRodCuttingTest" time="0.002"/>
  <testcase name="prices_list_length_one_and_tree_Test()" classname="MemoizationRodCuttingTest" time="0.002"/>
  <testcase name="prices_list_length_One_Test()" classname="MemoizationRodCuttingTest" time="0.001"/>
  <testcase name="measure_time_Recursive_and_Memoization_length_20_Test()" classname="MemoizationRodCuttingTest" time="0.025"/>
  <testcase name="prices_list_length_one_and_two_Test()" classname="MemoizationRodCuttingTest" time="0.001"/>
  <system-out><![CDATA[]]></system-out>
  <system-err><![CDATA[]]></system-err>
</testsuite>
